D:\WORKSPACE\CPP\SLOG\DEMO\WINDOWS\LIBSLOG\DEBUG\LIBSLOG.PCH
D:\WORKSPACE\CPP\SLOG\DEMO\WINDOWS\LIBSLOG\DEBUG\STDAFX.OBJ
D:\WORKSPACE\CPP\SLOG\DEMO\WINDOWS\LIBSLOG\DEBUG\VC110.PDB
D:\WORKSPACE\CPP\SLOG\DEMO\WINDOWS\LIBSLOG\DEBUG\LOG.OBJ
D:\WORKSPACE\CPP\SLOG\DEMO\WINDOWS\LIBSLOG\DEBUG\DLLMAIN.OBJ
D:\workspace\cpp\slog\demo\windows\Debug\libslog.lib
D:\workspace\cpp\slog\demo\windows\Debug\libslog.exp
D:\WORKSPACE\CPP\SLOG\DEMO\WINDOWS\DEBUG\LIBSLOG.ILK
D:\WORKSPACE\CPP\SLOG\DEMO\WINDOWS\DEBUG\LIBSLOG.DLL
D:\WORKSPACE\CPP\SLOG\DEMO\WINDOWS\DEBUG\LIBSLOG.PDB
D:\workspace\cpp\slog\demo\windows\libslog\Debug\dllmain.obj
D:\workspace\cpp\slog\demo\windows\libslog\Debug\log.obj
D:\workspace\cpp\slog\demo\windows\libslog\Debug\stdafx.obj
D:\workspace\cpp\slog\demo\windows\libslog\Debug\cl.command.1.tlog
D:\workspace\cpp\slog\demo\windows\libslog\Debug\CL.read.1.tlog
D:\workspace\cpp\slog\demo\windows\libslog\Debug\CL.write.1.tlog
D:\workspace\cpp\slog\demo\windows\libslog\Debug\libslog.write.1.tlog
D:\workspace\cpp\slog\demo\windows\libslog\Debug\link-cvtres.read.1.tlog
D:\workspace\cpp\slog\demo\windows\libslog\Debug\link-cvtres.write.1.tlog
D:\workspace\cpp\slog\demo\windows\libslog\Debug\link-rc.read.1.tlog
D:\workspace\cpp\slog\demo\windows\libslog\Debug\link-rc.write.1.tlog
D:\workspace\cpp\slog\demo\windows\libslog\Debug\link.command.1.tlog
D:\workspace\cpp\slog\demo\windows\libslog\Debug\link.read.1.tlog
D:\workspace\cpp\slog\demo\windows\libslog\Debug\link.write.1.tlog
D:\workspace\cpp\slog\demo\windows\libslog\Debug\libslog.pch
D:\workspace\cpp\slog\demo\windows\libslog\Debug\vc110.idb
D:\workspace\cpp\slog\demo\windows\libslog\Debug\vc110.pdb
D:\workspace\cpp\slog\demo\windows\Debug\libslog.pdb
D:\workspace\cpp\slog\demo\windows\Debug\libslog.dll
D:\workspace\cpp\slog\demo\windows\Debug\libslog.ilk
