D:\WORKSPACE\CPP\SLOG\DEMO\WINDOWS\SLOG\DEBUG\MAIN.OBJ
D:\WORKSPACE\CPP\SLOG\DEMO\WINDOWS\SLOG\DEBUG\VC110.PDB
D:\WORKSPACE\CPP\SLOG\DEMO\WINDOWS\DEBUG\SLOG.ILK
D:\WORKSPACE\CPP\SLOG\DEMO\WINDOWS\DEBUG\SLOG.EXE
D:\WORKSPACE\CPP\SLOG\DEMO\WINDOWS\DEBUG\SLOG.PDB
D:\workspace\cpp\slog\demo\windows\slog\Debug\main.obj
D:\workspace\cpp\slog\demo\windows\slog\Debug\cl.command.1.tlog
D:\workspace\cpp\slog\demo\windows\slog\Debug\CL.read.1.tlog
D:\workspace\cpp\slog\demo\windows\slog\Debug\CL.write.1.tlog
D:\workspace\cpp\slog\demo\windows\slog\Debug\link-cvtres.read.1.tlog
D:\workspace\cpp\slog\demo\windows\slog\Debug\link-cvtres.write.1.tlog
D:\workspace\cpp\slog\demo\windows\slog\Debug\link-rc.read.1.tlog
D:\workspace\cpp\slog\demo\windows\slog\Debug\link-rc.write.1.tlog
D:\workspace\cpp\slog\demo\windows\slog\Debug\link.command.1.tlog
D:\workspace\cpp\slog\demo\windows\slog\Debug\link.read.1.tlog
D:\workspace\cpp\slog\demo\windows\slog\Debug\link.write.1.tlog
D:\workspace\cpp\slog\demo\windows\slog\Debug\vc110.idb
D:\workspace\cpp\slog\demo\windows\slog\Debug\vc110.pdb
D:\workspace\cpp\slog\demo\windows\Debug\slog.pdb
D:\workspace\cpp\slog\demo\windows\Debug\slog.exe
D:\workspace\cpp\slog\demo\windows\Debug\slog.ilk
