D:\WORKSPACE\CPP\SLOG\DEMO\WINDOWS\LIBSLOG\RELEASE\LIBSLOG.PCH
D:\WORKSPACE\CPP\SLOG\DEMO\WINDOWS\LIBSLOG\RELEASE\STDAFX.OBJ
D:\WORKSPACE\CPP\SLOG\DEMO\WINDOWS\LIBSLOG\RELEASE\VC110.PDB
D:\WORKSPACE\CPP\SLOG\DEMO\WINDOWS\LIBSLOG\RELEASE\LOG.OBJ
D:\WORKSPACE\CPP\SLOG\DEMO\WINDOWS\LIBSLOG\RELEASE\DLLMAIN.OBJ
D:\workspace\cpp\slog\demo\windows\Release\libslog.lib
D:\workspace\cpp\slog\demo\windows\Release\libslog.exp
D:\WORKSPACE\CPP\SLOG\DEMO\WINDOWS\RELEASE\LIBSLOG.DLL
D:\WORKSPACE\CPP\SLOG\DEMO\WINDOWS\RELEASE\LIBSLOG.PDB
D:\workspace\cpp\slog\demo\windows\libslog\Release\dllmain.obj
D:\workspace\cpp\slog\demo\windows\libslog\Release\log.obj
D:\workspace\cpp\slog\demo\windows\libslog\Release\stdafx.obj
D:\workspace\cpp\slog\demo\windows\libslog\Release\cl.command.1.tlog
D:\workspace\cpp\slog\demo\windows\libslog\Release\CL.read.1.tlog
D:\workspace\cpp\slog\demo\windows\libslog\Release\CL.write.1.tlog
D:\workspace\cpp\slog\demo\windows\libslog\Release\libslog.write.1.tlog
D:\workspace\cpp\slog\demo\windows\libslog\Release\link-cvtres.read.1.tlog
D:\workspace\cpp\slog\demo\windows\libslog\Release\link-cvtres.write.1.tlog
D:\workspace\cpp\slog\demo\windows\libslog\Release\link-rc.read.1.tlog
D:\workspace\cpp\slog\demo\windows\libslog\Release\link-rc.write.1.tlog
D:\workspace\cpp\slog\demo\windows\libslog\Release\link.command.1.tlog
D:\workspace\cpp\slog\demo\windows\libslog\Release\link.read.1.tlog
D:\workspace\cpp\slog\demo\windows\libslog\Release\link.write.1.tlog
D:\workspace\cpp\slog\demo\windows\libslog\Release\libslog.pch
D:\workspace\cpp\slog\demo\windows\libslog\Release\vc110.pdb
D:\workspace\cpp\slog\demo\windows\Release\libslog.pdb
D:\workspace\cpp\slog\demo\windows\Release\libslog.dll
